[21:21:24.162] Global cache location '/home/grey/.cache/typescript/4.3', safe file path '/home/grey/.emacs.d/.local/etc/lsp/npm/typescript/lib/node_modules/typescript/lib/typingSafeList.json', types map path /home/grey/.emacs.d/.local/etc/lsp/npm/typescript/lib/node_modules/typescript/lib/typesMap.json
[21:21:24.162] Processing cache location '/home/grey/.cache/typescript/4.3'
[21:21:24.162] Trying to find '/home/grey/.cache/typescript/4.3/package.json'...
[21:21:24.163] Loaded content of '/home/grey/.cache/typescript/4.3/package.json': {"private":true,"dependencies":{"types-registry":"^0.1.556"},"devDependencies":{"@types/asap":"^2.0.0","@types/big.js":"^6.1.1","@types/bluebird":"^3.5.36","@types/call-bind":"^1.0.0","@types/consolidate":"^0.14.1","@types/cssesc":"^3.0.0","@types/function-bind":"^1.1.6","@types/get-intrinsic":"^1.0.0","@types/has":"^1.0.0","@types/has-symbols":"^1.0.0","@types/hash-sum":"^1.0.0","@types/icss-utils":"^4.1.0","@types/is-core-module":"^2.2.0","@types/is-regex":"^1.0.0","@types/loader-utils":"^2.0.3","@types/lodash.camelcase":"^4.3.6","@types/lru-cache":"^5.1.1","@types/minimist":"^1.2.2","@types/object-assign":"^4.0.30","@types/path-parse":"^1.0.19","@types/postcss-modules-extract-imports":"^3.0.2","@types/postcss-modules-local-by-default":"^1.2.2","@types/postcss-modules-scope":"^1.1.2","@types/postcss-modules-values":"^3.0.0","@types/prettier":"^2.3.2","@types/pug":"^2.0.5","@types/resolve":"^1.20.1","@types/string-hash":"^1.1.1","@types/util-deprecate":"^1.0.0","@types/void-elements":"^3.1.0","@types/yallist":"^4.0.1"}}
[21:21:24.163] Loaded content of '/home/grey/.cache/typescript/4.3/package-lock.json'
[21:21:24.168] Adding entry into typings cache: 'asap' => '/home/grey/.cache/typescript/4.3/node_modules/@types/asap/index.d.ts'
[21:21:24.169] Adding entry into typings cache: 'big.js' => '/home/grey/.cache/typescript/4.3/node_modules/@types/big.js/index.d.ts'
[21:21:24.171] Adding entry into typings cache: 'bluebird' => '/home/grey/.cache/typescript/4.3/node_modules/@types/bluebird/index.d.ts'
[21:21:24.172] Adding entry into typings cache: 'call-bind' => '/home/grey/.cache/typescript/4.3/node_modules/@types/call-bind/index.d.ts'
[21:21:24.173] Adding entry into typings cache: 'consolidate' => '/home/grey/.cache/typescript/4.3/node_modules/@types/consolidate/index.d.ts'
[21:21:24.174] Adding entry into typings cache: 'cssesc' => '/home/grey/.cache/typescript/4.3/node_modules/@types/cssesc/index.d.ts'
[21:21:24.175] Adding entry into typings cache: 'function-bind' => '/home/grey/.cache/typescript/4.3/node_modules/@types/function-bind/index.d.ts'
[21:21:24.176] Adding entry into typings cache: 'get-intrinsic' => '/home/grey/.cache/typescript/4.3/node_modules/@types/get-intrinsic/index.d.ts'
[21:21:24.176] Adding entry into typings cache: 'has' => '/home/grey/.cache/typescript/4.3/node_modules/@types/has/index.d.ts'
[21:21:24.177] Adding entry into typings cache: 'has-symbols' => '/home/grey/.cache/typescript/4.3/node_modules/@types/has-symbols/index.d.ts'
[21:21:24.178] Adding entry into typings cache: 'hash-sum' => '/home/grey/.cache/typescript/4.3/node_modules/@types/hash-sum/index.d.ts'
[21:21:24.179] Adding entry into typings cache: 'icss-utils' => '/home/grey/.cache/typescript/4.3/node_modules/@types/icss-utils/index.d.ts'
[21:21:24.180] Adding entry into typings cache: 'is-core-module' => '/home/grey/.cache/typescript/4.3/node_modules/@types/is-core-module/index.d.ts'
[21:21:24.181] Adding entry into typings cache: 'is-regex' => '/home/grey/.cache/typescript/4.3/node_modules/@types/is-regex/index.d.ts'
[21:21:24.182] Adding entry into typings cache: 'loader-utils' => '/home/grey/.cache/typescript/4.3/node_modules/@types/loader-utils/index.d.ts'
[21:21:24.183] Adding entry into typings cache: 'lodash.camelcase' => '/home/grey/.cache/typescript/4.3/node_modules/@types/lodash.camelcase/index.d.ts'
[21:21:24.184] Adding entry into typings cache: 'lru-cache' => '/home/grey/.cache/typescript/4.3/node_modules/@types/lru-cache/index.d.ts'
[21:21:24.185] Adding entry into typings cache: 'minimist' => '/home/grey/.cache/typescript/4.3/node_modules/@types/minimist/index.d.ts'
[21:21:24.186] Adding entry into typings cache: 'object-assign' => '/home/grey/.cache/typescript/4.3/node_modules/@types/object-assign/index.d.ts'
[21:21:24.186] Adding entry into typings cache: 'path-parse' => '/home/grey/.cache/typescript/4.3/node_modules/@types/path-parse/index.d.ts'
[21:21:24.187] Adding entry into typings cache: 'postcss-modules-extract-imports' => '/home/grey/.cache/typescript/4.3/node_modules/@types/postcss-modules-extract-imports/index.d.ts'
[21:21:24.188] Adding entry into typings cache: 'postcss-modules-local-by-default' => '/home/grey/.cache/typescript/4.3/node_modules/@types/postcss-modules-local-by-default/index.d.ts'
[21:21:24.188] Adding entry into typings cache: 'postcss-modules-scope' => '/home/grey/.cache/typescript/4.3/node_modules/@types/postcss-modules-scope/index.d.ts'
[21:21:24.189] Adding entry into typings cache: 'postcss-modules-values' => '/home/grey/.cache/typescript/4.3/node_modules/@types/postcss-modules-values/index.d.ts'
[21:21:24.190] Adding entry into typings cache: 'prettier' => '/home/grey/.cache/typescript/4.3/node_modules/@types/prettier/index.d.ts'
[21:21:24.191] Adding entry into typings cache: 'pug' => '/home/grey/.cache/typescript/4.3/node_modules/@types/pug/index.d.ts'
[21:21:24.192] Adding entry into typings cache: 'resolve' => '/home/grey/.cache/typescript/4.3/node_modules/@types/resolve/index.d.ts'
[21:21:24.192] Adding entry into typings cache: 'string-hash' => '/home/grey/.cache/typescript/4.3/node_modules/@types/string-hash/index.d.ts'
[21:21:24.193] Adding entry into typings cache: 'util-deprecate' => '/home/grey/.cache/typescript/4.3/node_modules/@types/util-deprecate/index.d.ts'
[21:21:24.194] Adding entry into typings cache: 'void-elements' => '/home/grey/.cache/typescript/4.3/node_modules/@types/void-elements/index.d.ts'
[21:21:24.194] Adding entry into typings cache: 'yallist' => '/home/grey/.cache/typescript/4.3/node_modules/@types/yallist/index.d.ts'
[21:21:24.195] Finished processing cache location '/home/grey/.cache/typescript/4.3'
[21:21:24.195] Process id: 643657
[21:21:24.195] NPM location: /nix/store/p6h1iz5lcvfz1hg1z497ypa22rv52xxx-nodejs-16.8.0/bin/npm (explicit '--npmLocation' not  provided)
[21:21:24.195] validateDefaultNpmLocation: false
[21:21:24.195] Npm config file: /home/grey/.cache/typescript/4.3/package.json
[21:21:24.195] Updating types-registry npm package...
[21:21:24.195] Exec: /nix/store/p6h1iz5lcvfz1hg1z497ypa22rv52xxx-nodejs-16.8.0/bin/npm install --ignore-scripts types-registry@latest
[21:21:24.792]     Succeeded. stdout:
    
    changed 1 package, and audited 58 packages in 525ms

3 packages are looking for funding
  run `npm fund` for details

found 0 vulnerabilities

[21:21:24.792] Updated types-registry npm package
[21:22:50.296] Got install request {"projectName":"/dev/null/inferredProject1*","fileNames":["/home/grey/.emacs.d/.local/etc/lsp/npm/typescript/lib/node_modules/typescript/lib/lib.es5.d.ts","/home/grey/.emacs.d/.local/etc/lsp/npm/typescript/lib/node_modules/typescript/lib/lib.es2015.d.ts","/home/grey/.emacs.d/.local/etc/lsp/npm/typescript/lib/node_modules/typescript/lib/lib.es2016.d.ts","/home/grey/.emacs.d/.local/etc/lsp/npm/typescript/lib/node_modules/typescript/lib/lib.dom.d.ts","/home/grey/.emacs.d/.local/etc/lsp/npm/typescript/lib/node_modules/typescript/lib/lib.dom.iterable.d.ts","/home/grey/.emacs.d/.local/etc/lsp/npm/typescript/lib/node_modules/typescript/lib/lib.webworker.importscripts.d.ts","/home/grey/.emacs.d/.local/etc/lsp/npm/typescript/lib/node_modules/typescript/lib/lib.scripthost.d.ts","/home/grey/.emacs.d/.local/etc/lsp/npm/typescript/lib/node_modules/typescript/lib/lib.es2015.core.d.ts","/home/grey/.emacs.d/.local/etc/lsp/npm/typescript/lib/node_modules/typescript/lib/lib.es2015.collection.d.ts","/home/grey/.emacs.d/.local/etc/lsp/npm/typescript/lib/node_modules/typescript/lib/lib.es2015.generator.d.ts","/home/grey/.emacs.d/.local/etc/lsp/npm/typescript/lib/node_modules/typescript/lib/lib.es2015.iterable.d.ts","/home/grey/.emacs.d/.local/etc/lsp/npm/typescript/lib/node_modules/typescript/lib/lib.es2015.promise.d.ts","/home/grey/.emacs.d/.local/etc/lsp/npm/typescript/lib/node_modules/typescript/lib/lib.es2015.proxy.d.ts","/home/grey/.emacs.d/.local/etc/lsp/npm/typescript/lib/node_modules/typescript/lib/lib.es2015.reflect.d.ts","/home/grey/.emacs.d/.local/etc/lsp/npm/typescript/lib/node_modules/typescript/lib/lib.es2015.symbol.d.ts","/home/grey/.emacs.d/.local/etc/lsp/npm/typescript/lib/node_modules/typescript/lib/lib.es2015.symbol.wellknown.d.ts","/home/grey/.emacs.d/.local/etc/lsp/npm/typescript/lib/node_modules/typescript/lib/lib.es2016.array.include.d.ts","/home/grey/.emacs.d/.local/etc/lsp/npm/typescript/lib/node_modules/typescript/lib/lib.es2016.full.d.ts","/home/grey/development/js/pnp-tests/.yarn/sdks/typescript/lib/tsserver.js"],"compilerOptions":{"module":1,"target":3,"jsx":1,"allowJs":true,"allowSyntheticDefaultImports":true,"allowNonTsExtensions":true,"noEmitForJsFiles":true,"maxNodeModuleJsDepth":2},"typeAcquisition":{"enable":true,"include":[],"exclude":[]},"unresolvedImports":["pnpapi"],"projectRootPath":"/home/grey/development/js/pnp-tests/.yarn/sdks/typescript/lib","kind":"discover"}
[21:22:50.306] Loaded safelist from types map file '/home/grey/.emacs.d/.local/etc/lsp/npm/typescript/lib/node_modules/typescript/lib/typesMap.json'
[21:22:50.307] Explicitly included types: []
[21:22:50.307] Inferred typings from unresolved imports: ["pnpapi"]
[21:22:50.307] Result: {"cachedTypingPaths":[],"newTypingNames":["pnpapi"],"filesToWatch":["/home/grey/development/js/pnp-tests/.yarn/sdks/typescript/lib/bower_components","/home/grey/development/js/pnp-tests/.yarn/sdks/typescript/lib/node_modules"]}
[21:22:50.307] Finished typings discovery: {"cachedTypingPaths":[],"newTypingNames":["pnpapi"],"filesToWatch":["/home/grey/development/js/pnp-tests/.yarn/sdks/typescript/lib/bower_components","/home/grey/development/js/pnp-tests/.yarn/sdks/typescript/lib/node_modules"]}
[21:22:50.307] DirectoryWatcher:: Added:: WatchInfo: /home/grey/development/js/pnp-tests/.yarn/sdks/typescript/lib/bower_components
[21:22:50.308] DirectoryWatcher:: Added:: WatchInfo: /home/grey/development/js/pnp-tests/.yarn/sdks/typescript/lib/bower_components 1 undefined Project: /dev/null/inferredProject1* watcher already invoked: false
[21:22:50.308] Elapsed:: 0.7281970009207726ms DirectoryWatcher:: Added:: WatchInfo: /home/grey/development/js/pnp-tests/.yarn/sdks/typescript/lib/bower_components 1 undefined Project: /dev/null/inferredProject1* watcher already invoked: false
[21:22:50.309] DirectoryWatcher:: Added:: WatchInfo: /home/grey/development/js/pnp-tests/.yarn/sdks/typescript/lib/node_modules
[21:22:50.309] DirectoryWatcher:: Added:: WatchInfo: /home/grey/development/js/pnp-tests/.yarn/sdks/typescript/lib/node_modules 1 undefined Project: /dev/null/inferredProject1* watcher already invoked: false
[21:22:50.309] Elapsed:: 0.059310995042324066ms DirectoryWatcher:: Added:: WatchInfo: /home/grey/development/js/pnp-tests/.yarn/sdks/typescript/lib/node_modules 1 undefined Project: /dev/null/inferredProject1* watcher already invoked: false
[21:22:50.309] Installing typings ["pnpapi"]
[21:22:50.309] Npm config file: /home/grey/.cache/typescript/4.3/package.json
[21:22:50.309] Sending response:
    {"kind":"event::beginInstallTypes","eventId":1,"typingsInstallerVersion":"4.3.5","projectName":"/dev/null/inferredProject1*"}
[21:22:50.309] Response has been sent.
[21:22:50.309] #1 with arguments'["@types/pnpapi@ts4.3"]'.
[21:22:50.309] Exec: /nix/store/p6h1iz5lcvfz1hg1z497ypa22rv52xxx-nodejs-16.8.0/bin/npm install --ignore-scripts @types/pnpapi@ts4.3 --save-dev --user-agent="typesInstaller/4.3.5"
[21:22:51.113]     Succeeded. stdout:
    
    added 1 package, and audited 59 packages in 733ms

3 packages are looking for funding
  run `npm fund` for details

found 0 vulnerabilities

[21:22:51.113] npm install #1 took: 804 ms
[21:22:51.113] Installed typings ["@types/pnpapi@ts4.3"]
[21:22:51.114] Installed typing files ["/home/grey/.cache/typescript/4.3/node_modules/@types/pnpapi/index.d.ts"]
[21:22:51.114] Sending response:
    {"projectName":"/dev/null/inferredProject1*","typeAcquisition":{"enable":true,"include":[],"exclude":[]},"compilerOptions":{"module":1,"target":3,"jsx":1,"allowJs":true,"allowSyntheticDefaultImports":true,"allowNonTsExtensions":true,"noEmitForJsFiles":true,"maxNodeModuleJsDepth":2},"typings":["/home/grey/.cache/typescript/4.3/node_modules/@types/pnpapi/index.d.ts"],"unresolvedImports":["pnpapi"],"kind":"action::set"}
[21:22:51.114] Response has been sent.
[21:22:51.114] Sending response:
    {"kind":"event::endInstallTypes","eventId":1,"projectName":"/dev/null/inferredProject1*","packagesToInstall":["@types/pnpapi@ts4.3"],"installSuccess":true,"typingsInstallerVersion":"4.3.5"}
[21:22:51.114] Response has been sent.
[21:22:51.483] Got install request {"projectName":"/dev/null/inferredProject1*","fileNames":["/home/grey/.emacs.d/.local/etc/lsp/npm/typescript/lib/node_modules/typescript/lib/lib.es5.d.ts","/home/grey/.emacs.d/.local/etc/lsp/npm/typescript/lib/node_modules/typescript/lib/lib.es2015.d.ts","/home/grey/.emacs.d/.local/etc/lsp/npm/typescript/lib/node_modules/typescript/lib/lib.es2016.d.ts","/home/grey/.emacs.d/.local/etc/lsp/npm/typescript/lib/node_modules/typescript/lib/lib.dom.d.ts","/home/grey/.emacs.d/.local/etc/lsp/npm/typescript/lib/node_modules/typescript/lib/lib.dom.iterable.d.ts","/home/grey/.emacs.d/.local/etc/lsp/npm/typescript/lib/node_modules/typescript/lib/lib.webworker.importscripts.d.ts","/home/grey/.emacs.d/.local/etc/lsp/npm/typescript/lib/node_modules/typescript/lib/lib.scripthost.d.ts","/home/grey/.emacs.d/.local/etc/lsp/npm/typescript/lib/node_modules/typescript/lib/lib.es2015.core.d.ts","/home/grey/.emacs.d/.local/etc/lsp/npm/typescript/lib/node_modules/typescript/lib/lib.es2015.collection.d.ts","/home/grey/.emacs.d/.local/etc/lsp/npm/typescript/lib/node_modules/typescript/lib/lib.es2015.generator.d.ts","/home/grey/.emacs.d/.local/etc/lsp/npm/typescript/lib/node_modules/typescript/lib/lib.es2015.iterable.d.ts","/home/grey/.emacs.d/.local/etc/lsp/npm/typescript/lib/node_modules/typescript/lib/lib.es2015.promise.d.ts","/home/grey/.emacs.d/.local/etc/lsp/npm/typescript/lib/node_modules/typescript/lib/lib.es2015.proxy.d.ts","/home/grey/.emacs.d/.local/etc/lsp/npm/typescript/lib/node_modules/typescript/lib/lib.es2015.reflect.d.ts","/home/grey/.emacs.d/.local/etc/lsp/npm/typescript/lib/node_modules/typescript/lib/lib.es2015.symbol.d.ts","/home/grey/.emacs.d/.local/etc/lsp/npm/typescript/lib/node_modules/typescript/lib/lib.es2015.symbol.wellknown.d.ts","/home/grey/.emacs.d/.local/etc/lsp/npm/typescript/lib/node_modules/typescript/lib/lib.es2016.array.include.d.ts","/home/grey/.emacs.d/.local/etc/lsp/npm/typescript/lib/node_modules/typescript/lib/lib.es2016.full.d.ts","/home/grey/.cache/typescript/4.3/node_modules/@types/pnpapi/index.d.ts","/home/grey/development/js/pnp-tests/.yarn/sdks/typescript/lib/tsserver.js"],"compilerOptions":{"module":1,"target":3,"jsx":1,"allowJs":true,"allowSyntheticDefaultImports":true,"allowNonTsExtensions":true,"noEmitForJsFiles":true,"maxNodeModuleJsDepth":2},"typeAcquisition":{"enable":true,"include":[],"exclude":[]},"unresolvedImports":[],"projectRootPath":"/home/grey/development/js/pnp-tests/.yarn/sdks/typescript/lib","kind":"discover"}
[21:22:51.483] Explicitly included types: []
[21:22:51.483] Inferred typings from unresolved imports: []
[21:22:51.483] Result: {"cachedTypingPaths":[],"newTypingNames":[],"filesToWatch":["/home/grey/development/js/pnp-tests/.yarn/sdks/typescript/lib/bower_components","/home/grey/development/js/pnp-tests/.yarn/sdks/typescript/lib/node_modules"]}
[21:22:51.483] Finished typings discovery: {"cachedTypingPaths":[],"newTypingNames":[],"filesToWatch":["/home/grey/development/js/pnp-tests/.yarn/sdks/typescript/lib/bower_components","/home/grey/development/js/pnp-tests/.yarn/sdks/typescript/lib/node_modules"]}
[21:22:51.484] Sending response:
    {"projectName":"/dev/null/inferredProject1*","typeAcquisition":{"enable":true,"include":[],"exclude":[]},"compilerOptions":{"module":1,"target":3,"jsx":1,"allowJs":true,"allowSyntheticDefaultImports":true,"allowNonTsExtensions":true,"noEmitForJsFiles":true,"maxNodeModuleJsDepth":2},"typings":[],"unresolvedImports":[],"kind":"action::set"}
[21:22:51.484] Response has been sent.
[21:22:51.484] No new typings were requested as a result of typings discovery
[21:22:51.841] Got install request {"projectName":"/dev/null/inferredProject1*","fileNames":["/home/grey/.emacs.d/.local/etc/lsp/npm/typescript/lib/node_modules/typescript/lib/lib.es5.d.ts","/home/grey/.emacs.d/.local/etc/lsp/npm/typescript/lib/node_modules/typescript/lib/lib.es2015.d.ts","/home/grey/.emacs.d/.local/etc/lsp/npm/typescript/lib/node_modules/typescript/lib/lib.es2016.d.ts","/home/grey/.emacs.d/.local/etc/lsp/npm/typescript/lib/node_modules/typescript/lib/lib.dom.d.ts","/home/grey/.emacs.d/.local/etc/lsp/npm/typescript/lib/node_modules/typescript/lib/lib.dom.iterable.d.ts","/home/grey/.emacs.d/.local/etc/lsp/npm/typescript/lib/node_modules/typescript/lib/lib.webworker.importscripts.d.ts","/home/grey/.emacs.d/.local/etc/lsp/npm/typescript/lib/node_modules/typescript/lib/lib.scripthost.d.ts","/home/grey/.emacs.d/.local/etc/lsp/npm/typescript/lib/node_modules/typescript/lib/lib.es2015.core.d.ts","/home/grey/.emacs.d/.local/etc/lsp/npm/typescript/lib/node_modules/typescript/lib/lib.es2015.collection.d.ts","/home/grey/.emacs.d/.local/etc/lsp/npm/typescript/lib/node_modules/typescript/lib/lib.es2015.generator.d.ts","/home/grey/.emacs.d/.local/etc/lsp/npm/typescript/lib/node_modules/typescript/lib/lib.es2015.iterable.d.ts","/home/grey/.emacs.d/.local/etc/lsp/npm/typescript/lib/node_modules/typescript/lib/lib.es2015.promise.d.ts","/home/grey/.emacs.d/.local/etc/lsp/npm/typescript/lib/node_modules/typescript/lib/lib.es2015.proxy.d.ts","/home/grey/.emacs.d/.local/etc/lsp/npm/typescript/lib/node_modules/typescript/lib/lib.es2015.reflect.d.ts","/home/grey/.emacs.d/.local/etc/lsp/npm/typescript/lib/node_modules/typescript/lib/lib.es2015.symbol.d.ts","/home/grey/.emacs.d/.local/etc/lsp/npm/typescript/lib/node_modules/typescript/lib/lib.es2015.symbol.wellknown.d.ts","/home/grey/.emacs.d/.local/etc/lsp/npm/typescript/lib/node_modules/typescript/lib/lib.es2016.array.include.d.ts","/home/grey/.emacs.d/.local/etc/lsp/npm/typescript/lib/node_modules/typescript/lib/lib.es2016.full.d.ts","/home/grey/development/js/pnp-tests/.yarn/sdks/typescript/lib/tsserver.js"],"compilerOptions":{"module":1,"target":3,"jsx":1,"allowJs":true,"allowSyntheticDefaultImports":true,"allowNonTsExtensions":true,"noEmitForJsFiles":true,"maxNodeModuleJsDepth":2},"typeAcquisition":{"enable":true,"include":[],"exclude":[]},"unresolvedImports":[],"projectRootPath":"/home/grey/development/js/pnp-tests/.yarn/sdks/typescript/lib","kind":"discover"}
[21:22:51.841] Explicitly included types: []
[21:22:51.841] Inferred typings from unresolved imports: []
[21:22:51.841] Result: {"cachedTypingPaths":[],"newTypingNames":[],"filesToWatch":["/home/grey/development/js/pnp-tests/.yarn/sdks/typescript/lib/bower_components","/home/grey/development/js/pnp-tests/.yarn/sdks/typescript/lib/node_modules"]}
[21:22:51.841] Finished typings discovery: {"cachedTypingPaths":[],"newTypingNames":[],"filesToWatch":["/home/grey/development/js/pnp-tests/.yarn/sdks/typescript/lib/bower_components","/home/grey/development/js/pnp-tests/.yarn/sdks/typescript/lib/node_modules"]}
[21:22:51.841] Sending response:
    {"projectName":"/dev/null/inferredProject1*","typeAcquisition":{"enable":true,"include":[],"exclude":[]},"compilerOptions":{"module":1,"target":3,"jsx":1,"allowJs":true,"allowSyntheticDefaultImports":true,"allowNonTsExtensions":true,"noEmitForJsFiles":true,"maxNodeModuleJsDepth":2},"typings":[],"unresolvedImports":[],"kind":"action::set"}
[21:22:51.841] Response has been sent.
[21:22:51.841] No new typings were requested as a result of typings discovery
[21:23:01.091] Got install request {"projectName":"/dev/null/inferredProject1*","fileNames":["/home/grey/.emacs.d/.local/etc/lsp/npm/typescript/lib/node_modules/typescript/lib/lib.es5.d.ts","/home/grey/.emacs.d/.local/etc/lsp/npm/typescript/lib/node_modules/typescript/lib/lib.es2015.d.ts","/home/grey/.emacs.d/.local/etc/lsp/npm/typescript/lib/node_modules/typescript/lib/lib.es2016.d.ts","/home/grey/.emacs.d/.local/etc/lsp/npm/typescript/lib/node_modules/typescript/lib/lib.dom.d.ts","/home/grey/.emacs.d/.local/etc/lsp/npm/typescript/lib/node_modules/typescript/lib/lib.dom.iterable.d.ts","/home/grey/.emacs.d/.local/etc/lsp/npm/typescript/lib/node_modules/typescript/lib/lib.webworker.importscripts.d.ts","/home/grey/.emacs.d/.local/etc/lsp/npm/typescript/lib/node_modules/typescript/lib/lib.scripthost.d.ts","/home/grey/.emacs.d/.local/etc/lsp/npm/typescript/lib/node_modules/typescript/lib/lib.es2015.core.d.ts","/home/grey/.emacs.d/.local/etc/lsp/npm/typescript/lib/node_modules/typescript/lib/lib.es2015.collection.d.ts","/home/grey/.emacs.d/.local/etc/lsp/npm/typescript/lib/node_modules/typescript/lib/lib.es2015.generator.d.ts","/home/grey/.emacs.d/.local/etc/lsp/npm/typescript/lib/node_modules/typescript/lib/lib.es2015.iterable.d.ts","/home/grey/.emacs.d/.local/etc/lsp/npm/typescript/lib/node_modules/typescript/lib/lib.es2015.promise.d.ts","/home/grey/.emacs.d/.local/etc/lsp/npm/typescript/lib/node_modules/typescript/lib/lib.es2015.proxy.d.ts","/home/grey/.emacs.d/.local/etc/lsp/npm/typescript/lib/node_modules/typescript/lib/lib.es2015.reflect.d.ts","/home/grey/.emacs.d/.local/etc/lsp/npm/typescript/lib/node_modules/typescript/lib/lib.es2015.symbol.d.ts","/home/grey/.emacs.d/.local/etc/lsp/npm/typescript/lib/node_modules/typescript/lib/lib.es2015.symbol.wellknown.d.ts","/home/grey/.emacs.d/.local/etc/lsp/npm/typescript/lib/node_modules/typescript/lib/lib.es2016.array.include.d.ts","/home/grey/.emacs.d/.local/etc/lsp/npm/typescript/lib/node_modules/typescript/lib/lib.es2016.full.d.ts","/home/grey/development/js/pnp-tests/.yarn/sdks/typescript/lib/tsserver.js"],"compilerOptions":{"module":1,"target":3,"jsx":1,"allowJs":true,"allowSyntheticDefaultImports":true,"allowNonTsExtensions":true,"noEmitForJsFiles":true,"maxNodeModuleJsDepth":2},"typeAcquisition":{"enable":true,"include":[],"exclude":[]},"projectRootPath":"/home/grey/development/js/pnp-tests/.yarn/sdks/typescript/lib","kind":"discover"}
[21:23:01.091] Explicitly included types: []
[21:23:01.091] Result: {"cachedTypingPaths":[],"newTypingNames":[],"filesToWatch":["/home/grey/development/js/pnp-tests/.yarn/sdks/typescript/lib/bower_components","/home/grey/development/js/pnp-tests/.yarn/sdks/typescript/lib/node_modules"]}
[21:23:01.091] Finished typings discovery: {"cachedTypingPaths":[],"newTypingNames":[],"filesToWatch":["/home/grey/development/js/pnp-tests/.yarn/sdks/typescript/lib/bower_components","/home/grey/development/js/pnp-tests/.yarn/sdks/typescript/lib/node_modules"]}
[21:23:01.091] Sending response:
    {"projectName":"/dev/null/inferredProject1*","typeAcquisition":{"enable":true,"include":[],"exclude":[]},"compilerOptions":{"module":1,"target":3,"jsx":1,"allowJs":true,"allowSyntheticDefaultImports":true,"allowNonTsExtensions":true,"noEmitForJsFiles":true,"maxNodeModuleJsDepth":2},"typings":[],"kind":"action::set"}
[21:23:01.092] Response has been sent.
[21:23:01.092] No new typings were requested as a result of typings discovery
