[21:25:07.267] Global cache location '/home/grey/.cache/typescript/4.3', safe file path '/home/grey/.emacs.d/.local/etc/lsp/npm/typescript/lib/node_modules/typescript/lib/typingSafeList.json', types map path /home/grey/.emacs.d/.local/etc/lsp/npm/typescript/lib/node_modules/typescript/lib/typesMap.json
[21:25:07.268] Processing cache location '/home/grey/.cache/typescript/4.3'
[21:25:07.268] Trying to find '/home/grey/.cache/typescript/4.3/package.json'...
[21:25:07.268] Loaded content of '/home/grey/.cache/typescript/4.3/package.json': {"private":true,"dependencies":{"types-registry":"^0.1.558"},"devDependencies":{"@types/asap":"^2.0.0","@types/big.js":"^6.1.1","@types/bluebird":"^3.5.36","@types/call-bind":"^1.0.0","@types/consolidate":"^0.14.1","@types/cssesc":"^3.0.0","@types/function-bind":"^1.1.6","@types/get-intrinsic":"^1.0.0","@types/has":"^1.0.0","@types/has-symbols":"^1.0.0","@types/hash-sum":"^1.0.0","@types/icss-utils":"^4.1.0","@types/is-core-module":"^2.2.0","@types/is-regex":"^1.0.0","@types/loader-utils":"^2.0.3","@types/lodash.camelcase":"^4.3.6","@types/lru-cache":"^5.1.1","@types/minimist":"^1.2.2","@types/object-assign":"^4.0.30","@types/path-parse":"^1.0.19","@types/pnpapi":"^0.0.2","@types/postcss-modules-extract-imports":"^3.0.2","@types/postcss-modules-local-by-default":"^1.2.2","@types/postcss-modules-scope":"^1.1.2","@types/postcss-modules-values":"^3.0.0","@types/prettier":"^2.3.2","@types/pug":"^2.0.5","@types/resolve":"^1.20.1","@types/string-hash":"^1.1.1","@types/util-deprecate":"^1.0.0","@types/void-elements":"^3.1.0","@types/yallist":"^4.0.1"}}
[21:25:07.268] Loaded content of '/home/grey/.cache/typescript/4.3/package-lock.json'
[21:25:07.273] Adding entry into typings cache: 'asap' => '/home/grey/.cache/typescript/4.3/node_modules/@types/asap/index.d.ts'
[21:25:07.274] Adding entry into typings cache: 'big.js' => '/home/grey/.cache/typescript/4.3/node_modules/@types/big.js/index.d.ts'
[21:25:07.275] Adding entry into typings cache: 'bluebird' => '/home/grey/.cache/typescript/4.3/node_modules/@types/bluebird/index.d.ts'
[21:25:07.276] Adding entry into typings cache: 'call-bind' => '/home/grey/.cache/typescript/4.3/node_modules/@types/call-bind/index.d.ts'
[21:25:07.277] Adding entry into typings cache: 'consolidate' => '/home/grey/.cache/typescript/4.3/node_modules/@types/consolidate/index.d.ts'
[21:25:07.278] Adding entry into typings cache: 'cssesc' => '/home/grey/.cache/typescript/4.3/node_modules/@types/cssesc/index.d.ts'
[21:25:07.278] Adding entry into typings cache: 'function-bind' => '/home/grey/.cache/typescript/4.3/node_modules/@types/function-bind/index.d.ts'
[21:25:07.279] Adding entry into typings cache: 'get-intrinsic' => '/home/grey/.cache/typescript/4.3/node_modules/@types/get-intrinsic/index.d.ts'
[21:25:07.280] Adding entry into typings cache: 'has' => '/home/grey/.cache/typescript/4.3/node_modules/@types/has/index.d.ts'
[21:25:07.280] Adding entry into typings cache: 'has-symbols' => '/home/grey/.cache/typescript/4.3/node_modules/@types/has-symbols/index.d.ts'
[21:25:07.281] Adding entry into typings cache: 'hash-sum' => '/home/grey/.cache/typescript/4.3/node_modules/@types/hash-sum/index.d.ts'
[21:25:07.282] Adding entry into typings cache: 'icss-utils' => '/home/grey/.cache/typescript/4.3/node_modules/@types/icss-utils/index.d.ts'
[21:25:07.283] Adding entry into typings cache: 'is-core-module' => '/home/grey/.cache/typescript/4.3/node_modules/@types/is-core-module/index.d.ts'
[21:25:07.283] Adding entry into typings cache: 'is-regex' => '/home/grey/.cache/typescript/4.3/node_modules/@types/is-regex/index.d.ts'
[21:25:07.284] Adding entry into typings cache: 'loader-utils' => '/home/grey/.cache/typescript/4.3/node_modules/@types/loader-utils/index.d.ts'
[21:25:07.285] Adding entry into typings cache: 'lodash.camelcase' => '/home/grey/.cache/typescript/4.3/node_modules/@types/lodash.camelcase/index.d.ts'
[21:25:07.286] Adding entry into typings cache: 'lru-cache' => '/home/grey/.cache/typescript/4.3/node_modules/@types/lru-cache/index.d.ts'
[21:25:07.287] Adding entry into typings cache: 'minimist' => '/home/grey/.cache/typescript/4.3/node_modules/@types/minimist/index.d.ts'
[21:25:07.287] Adding entry into typings cache: 'object-assign' => '/home/grey/.cache/typescript/4.3/node_modules/@types/object-assign/index.d.ts'
[21:25:07.288] Adding entry into typings cache: 'path-parse' => '/home/grey/.cache/typescript/4.3/node_modules/@types/path-parse/index.d.ts'
[21:25:07.288] Adding entry into typings cache: 'pnpapi' => '/home/grey/.cache/typescript/4.3/node_modules/@types/pnpapi/index.d.ts'
[21:25:07.289] Adding entry into typings cache: 'postcss-modules-extract-imports' => '/home/grey/.cache/typescript/4.3/node_modules/@types/postcss-modules-extract-imports/index.d.ts'
[21:25:07.289] Adding entry into typings cache: 'postcss-modules-local-by-default' => '/home/grey/.cache/typescript/4.3/node_modules/@types/postcss-modules-local-by-default/index.d.ts'
[21:25:07.290] Adding entry into typings cache: 'postcss-modules-scope' => '/home/grey/.cache/typescript/4.3/node_modules/@types/postcss-modules-scope/index.d.ts'
[21:25:07.290] Adding entry into typings cache: 'postcss-modules-values' => '/home/grey/.cache/typescript/4.3/node_modules/@types/postcss-modules-values/index.d.ts'
[21:25:07.291] Adding entry into typings cache: 'prettier' => '/home/grey/.cache/typescript/4.3/node_modules/@types/prettier/index.d.ts'
[21:25:07.292] Adding entry into typings cache: 'pug' => '/home/grey/.cache/typescript/4.3/node_modules/@types/pug/index.d.ts'
[21:25:07.293] Adding entry into typings cache: 'resolve' => '/home/grey/.cache/typescript/4.3/node_modules/@types/resolve/index.d.ts'
[21:25:07.293] Adding entry into typings cache: 'string-hash' => '/home/grey/.cache/typescript/4.3/node_modules/@types/string-hash/index.d.ts'
[21:25:07.293] Adding entry into typings cache: 'util-deprecate' => '/home/grey/.cache/typescript/4.3/node_modules/@types/util-deprecate/index.d.ts'
[21:25:07.294] Adding entry into typings cache: 'void-elements' => '/home/grey/.cache/typescript/4.3/node_modules/@types/void-elements/index.d.ts'
[21:25:07.294] Adding entry into typings cache: 'yallist' => '/home/grey/.cache/typescript/4.3/node_modules/@types/yallist/index.d.ts'
[21:25:07.294] Finished processing cache location '/home/grey/.cache/typescript/4.3'
[21:25:07.295] Process id: 648332
[21:25:07.295] NPM location: /nix/store/p6h1iz5lcvfz1hg1z497ypa22rv52xxx-nodejs-16.8.0/bin/npm (explicit '--npmLocation' not  provided)
[21:25:07.295] validateDefaultNpmLocation: false
[21:25:07.295] Npm config file: /home/grey/.cache/typescript/4.3/package.json
[21:25:07.295] Updating types-registry npm package...
[21:25:07.295] Exec: /nix/store/p6h1iz5lcvfz1hg1z497ypa22rv52xxx-nodejs-16.8.0/bin/npm install --ignore-scripts types-registry@latest
[21:25:07.710]     Succeeded. stdout:
    
    up to date, audited 59 packages in 343ms

3 packages are looking for funding
  run `npm fund` for details

found 0 vulnerabilities

[21:25:07.711] Updated types-registry npm package
