Info 0    [21:34:40.793] Starting TS Server
Info 1    [21:34:40.794] Version: 4.3.5
Info 2    [21:34:40.794] Arguments: /nix/store/p6h1iz5lcvfz1hg1z497ypa22rv52xxx-nodejs-16.8.0/bin/node /home/grey/.emacs.d/.local/etc/lsp/npm/typescript/bin/tsserver --logFile /home/grey/development/js/pnp-tests/.log/tsserver.log --logVerbosity info --cancellationPipeName /run/user/1000/fe24c697f7c72c6943bfcb5316eb8bd7/tscancellation*
Info 3    [21:34:40.794] Platform: linux NodeVersion: 16 CaseSensitive: true
Info 4    [21:34:40.794] ServerMode: undefined syntaxOnly: false hasUnknownServerMode: undefined
Info 5    [21:34:40.802] Search path: /home/grey/development/js/pnp-tests/src
Info 6    [21:34:40.803] For info: /home/grey/development/js/pnp-tests/src/main.ts :: Config file name: /home/grey/development/js/pnp-tests/tsconfig.json
Info 7    [21:34:40.803] Creating configuration project /home/grey/development/js/pnp-tests/tsconfig.json
Info 8    [21:34:40.813] Config: /home/grey/development/js/pnp-tests/tsconfig.json : {
 "rootNames": [
  "/home/grey/development/js/pnp-tests/src/env.d.ts",
  "/home/grey/development/js/pnp-tests/src/main.ts"
 ],
 "options": {
  "target": 99,
  "useDefineForClassFields": true,
  "module": 99,
  "moduleResolution": 2,
  "strict": true,
  "jsx": 1,
  "sourceMap": true,
  "resolveJsonModule": true,
  "esModuleInterop": true,
  "lib": [
   "lib.esnext.d.ts",
   "lib.dom.d.ts"
  ],
  "configFilePath": "/home/grey/development/js/pnp-tests/tsconfig.json"
 }
}
Info 9    [21:34:40.816] Starting updateGraphWorker: Project: /home/grey/development/js/pnp-tests/tsconfig.json
Info 10   [21:34:41.218] Finishing updateGraphWorker: Project: /home/grey/development/js/pnp-tests/tsconfig.json Version: 1 structureChanged: true Elapsed: 402.1735929995775ms
Info 11   [21:34:41.218] Project '/home/grey/development/js/pnp-tests/tsconfig.json' (Configured)
Info 12   [21:34:41.218] 	Files (46)

Info 13   [21:34:41.218] -----------------------------------------------
Info 14   [21:34:54.632] Starting updateGraphWorker: Project: /home/grey/development/js/pnp-tests/tsconfig.json
Info 15   [21:34:54.641] Finishing updateGraphWorker: Project: /home/grey/development/js/pnp-tests/tsconfig.json Version: 2 structureChanged: true Elapsed: 8.82116699963808ms
Info 16   [21:34:54.641] Different program with same set of files:: structureIsReused:: 1
Info 17   [21:34:59.345] Starting updateGraphWorker: Project: /home/grey/development/js/pnp-tests/tsconfig.json
Info 18   [21:34:59.353] Finishing updateGraphWorker: Project: /home/grey/development/js/pnp-tests/tsconfig.json Version: 3 structureChanged: true Elapsed: 8.233254998922348ms
Info 19   [21:34:59.354] Different program with same set of files:: structureIsReused:: 1
Info 20   [21:35:03.011] Format host information updated
Info 21   [21:36:52.237] DirectoryWatcher:: Triggered with /home/grey/.emacs.d/.local/etc/lsp/npm/typescript/lib/node_modules/typescript/bin :: WatchInfo: /home/grey/.emacs.d/.local/etc/lsp/npm/typescript/lib/node_modules 1 undefined WatchType: node_modules for closed script infos in them
Info 22   [21:36:52.237] Elapsed:: 0.15443000197410583ms DirectoryWatcher:: Triggered with /home/grey/.emacs.d/.local/etc/lsp/npm/typescript/lib/node_modules/typescript/bin :: WatchInfo: /home/grey/.emacs.d/.local/etc/lsp/npm/typescript/lib/node_modules 1 undefined WatchType: node_modules for closed script infos in them
Info 23   [21:36:52.241] DirectoryWatcher:: Triggered with /home/grey/.emacs.d/.local/etc/lsp/npm/typescript/lib/node_modules/typescript/lib/cs/diagnosticMessages.generated.json :: WatchInfo: /home/grey/.emacs.d/.local/etc/lsp/npm/typescript/lib/node_modules 1 undefined WatchType: node_modules for closed script infos in them
Info 24   [21:36:52.241] Elapsed:: 0.017070002853870392ms DirectoryWatcher:: Triggered with /home/grey/.emacs.d/.local/etc/lsp/npm/typescript/lib/node_modules/typescript/lib/cs/diagnosticMessages.generated.json :: WatchInfo: /home/grey/.emacs.d/.local/etc/lsp/npm/typescript/lib/node_modules 1 undefined WatchType: node_modules for closed script infos in them
Info 25   [21:36:52.241] DirectoryWatcher:: Triggered with /home/grey/.emacs.d/.local/etc/lsp/npm/typescript/lib/node_modules/typescript/lib/cs :: WatchInfo: /home/grey/.emacs.d/.local/etc/lsp/npm/typescript/lib/node_modules 1 undefined WatchType: node_modules for closed script infos in them
Info 26   [21:36:52.241] Elapsed:: 0.03386099636554718ms DirectoryWatcher:: Triggered with /home/grey/.emacs.d/.local/etc/lsp/npm/typescript/lib/node_modules/typescript/lib/cs :: WatchInfo: /home/grey/.emacs.d/.local/etc/lsp/npm/typescript/lib/node_modules 1 undefined WatchType: node_modules for closed script infos in them
Info 27   [21:36:52.242] DirectoryWatcher:: Triggered with /home/grey/.emacs.d/.local/etc/lsp/npm/typescript/lib/node_modules/typescript/lib/de :: WatchInfo: /home/grey/.emacs.d/.local/etc/lsp/npm/typescript/lib/node_modules 1 undefined WatchType: node_modules for closed script infos in them
Info 28   [21:36:52.242] Elapsed:: 0.02872999757528305ms DirectoryWatcher:: Triggered with /home/grey/.emacs.d/.local/etc/lsp/npm/typescript/lib/node_modules/typescript/lib/de :: WatchInfo: /home/grey/.emacs.d/.local/etc/lsp/npm/typescript/lib/node_modules 1 undefined WatchType: node_modules for closed script infos in them
Info 29   [21:36:52.243] DirectoryWatcher:: Triggered with /home/grey/.emacs.d/.local/etc/lsp/npm/typescript/lib/node_modules/typescript/lib/es/diagnosticMessages.generated.json :: WatchInfo: /home/grey/.emacs.d/.local/etc/lsp/npm/typescript/lib/node_modules 1 undefined WatchType: node_modules for closed script infos in them
Info 30   [21:36:52.243] Elapsed:: 0.0115400031208992ms DirectoryWatcher:: Triggered with /home/grey/.emacs.d/.local/etc/lsp/npm/typescript/lib/node_modules/typescript/lib/es/diagnosticMessages.generated.json :: WatchInfo: /home/grey/.emacs.d/.local/etc/lsp/npm/typescript/lib/node_modules 1 undefined WatchType: node_modules for closed script infos in them
Info 31   [21:36:52.243] DirectoryWatcher:: Triggered with /home/grey/.emacs.d/.local/etc/lsp/npm/typescript/lib/node_modules/typescript/lib/es :: WatchInfo: /home/grey/.emacs.d/.local/etc/lsp/npm/typescript/lib/node_modules 1 undefined WatchType: node_modules for closed script infos in them
Info 32   [21:36:52.243] Elapsed:: 0.020580001175403595ms DirectoryWatcher:: Triggered with /home/grey/.emacs.d/.local/etc/lsp/npm/typescript/lib/node_modules/typescript/lib/es :: WatchInfo: /home/grey/.emacs.d/.local/etc/lsp/npm/typescript/lib/node_modules 1 undefined WatchType: node_modules for closed script infos in them
Info 33   [21:36:52.244] DirectoryWatcher:: Triggered with /home/grey/.emacs.d/.local/etc/lsp/npm/typescript/lib/node_modules/typescript/lib/fr/diagnosticMessages.generated.json :: WatchInfo: /home/grey/.emacs.d/.local/etc/lsp/npm/typescript/lib/node_modules 1 undefined WatchType: node_modules for closed script infos in them
Info 34   [21:36:52.244] Elapsed:: 0.011569999158382416ms DirectoryWatcher:: Triggered with /home/grey/.emacs.d/.local/etc/lsp/npm/typescript/lib/node_modules/typescript/lib/fr/diagnosticMessages.generated.json :: WatchInfo: /home/grey/.emacs.d/.local/etc/lsp/npm/typescript/lib/node_modules 1 undefined WatchType: node_modules for closed script infos in them
Info 35   [21:36:52.244] DirectoryWatcher:: Triggered with /home/grey/.emacs.d/.local/etc/lsp/npm/typescript/lib/node_modules/typescript/lib/fr :: WatchInfo: /home/grey/.emacs.d/.local/etc/lsp/npm/typescript/lib/node_modules 1 undefined WatchType: node_modules for closed script infos in them
Info 36   [21:36:52.244] Elapsed:: 0.021150000393390656ms DirectoryWatcher:: Triggered with /home/grey/.emacs.d/.local/etc/lsp/npm/typescript/lib/node_modules/typescript/lib/fr :: WatchInfo: /home/grey/.emacs.d/.local/etc/lsp/npm/typescript/lib/node_modules 1 undefined WatchType: node_modules for closed script infos in them
Info 37   [21:36:52.244] DirectoryWatcher:: Triggered with /home/grey/.emacs.d/.local/etc/lsp/npm/typescript/lib/node_modules/typescript/lib/it/diagnosticMessages.generated.json :: WatchInfo: /home/grey/.emacs.d/.local/etc/lsp/npm/typescript/lib/node_modules 1 undefined WatchType: node_modules for closed script infos in them
Info 38   [21:36:52.244] Elapsed:: 0.017190001904964447ms DirectoryWatcher:: Triggered with /home/grey/.emacs.d/.local/etc/lsp/npm/typescript/lib/node_modules/typescript/lib/it/diagnosticMessages.generated.json :: WatchInfo: /home/grey/.emacs.d/.local/etc/lsp/npm/typescript/lib/node_modules 1 undefined WatchType: node_modules for closed script infos in them
Info 39   [21:36:52.244] DirectoryWatcher:: Triggered with /home/grey/.emacs.d/.local/etc/lsp/npm/typescript/lib/node_modules/typescript/lib/it :: WatchInfo: /home/grey/.emacs.d/.local/etc/lsp/npm/typescript/lib/node_modules 1 undefined WatchType: node_modules for closed script infos in them
Info 40   [21:36:52.244] Elapsed:: 0.02612999826669693ms DirectoryWatcher:: Triggered with /home/grey/.emacs.d/.local/etc/lsp/npm/typescript/lib/node_modules/typescript/lib/it :: WatchInfo: /home/grey/.emacs.d/.local/etc/lsp/npm/typescript/lib/node_modules 1 undefined WatchType: node_modules for closed script infos in them
Info 41   [21:36:52.245] DirectoryWatcher:: Triggered with /home/grey/.emacs.d/.local/etc/lsp/npm/typescript/lib/node_modules/typescript/lib/ja :: WatchInfo: /home/grey/.emacs.d/.local/etc/lsp/npm/typescript/lib/node_modules 1 undefined WatchType: node_modules for closed script infos in them
Info 42   [21:36:52.245] Elapsed:: 0.020500004291534424ms DirectoryWatcher:: Triggered with /home/grey/.emacs.d/.local/etc/lsp/npm/typescript/lib/node_modules/typescript/lib/ja :: WatchInfo: /home/grey/.emacs.d/.local/etc/lsp/npm/typescript/lib/node_modules 1 undefined WatchType: node_modules for closed script infos in them
Info 43   [21:36:52.246] DirectoryWatcher:: Triggered with /home/grey/.emacs.d/.local/etc/lsp/npm/typescript/lib/node_modules/typescript/lib/ko/diagnosticMessages.generated.json :: WatchInfo: /home/grey/.emacs.d/.local/etc/lsp/npm/typescript/lib/node_modules 1 undefined WatchType: node_modules for closed script infos in them
Info 44   [21:36:52.246] Elapsed:: 0.012150004506111145ms DirectoryWatcher:: Triggered with /home/grey/.emacs.d/.local/etc/lsp/npm/typescript/lib/node_modules/typescript/lib/ko/diagnosticMessages.generated.json :: WatchInfo: /home/grey/.emacs.d/.local/etc/lsp/npm/typescript/lib/node_modules 1 undefined WatchType: node_modules for closed script infos in them
Info 45   [21:36:52.246] DirectoryWatcher:: Triggered with /home/grey/.emacs.d/.local/etc/lsp/npm/typescript/lib/node_modules/typescript/lib/ko :: WatchInfo: /home/grey/.emacs.d/.local/etc/lsp/npm/typescript/lib/node_modules 1 undefined WatchType: node_modules for closed script infos in them
Info 46   [21:36:52.246] Elapsed:: 0.023510001599788666ms DirectoryWatcher:: Triggered with /home/grey/.emacs.d/.local/etc/lsp/npm/typescript/lib/node_modules/typescript/lib/ko :: WatchInfo: /home/grey/.emacs.d/.local/etc/lsp/npm/typescript/lib/node_modules 1 undefined WatchType: node_modules for closed script infos in them
Info 47   [21:36:52.280] DirectoryWatcher:: Triggered with /home/grey/.emacs.d/.local/etc/lsp/npm/typescript/lib/node_modules/typescript/lib/pl/diagnosticMessages.generated.json :: WatchInfo: /home/grey/.emacs.d/.local/etc/lsp/npm/typescript/lib/node_modules 1 undefined WatchType: node_modules for closed script infos in them
Info 48   [21:36:52.280] Elapsed:: 0.017420001327991486ms DirectoryWatcher:: Triggered with /home/grey/.emacs.d/.local/etc/lsp/npm/typescript/lib/node_modules/typescript/lib/pl/diagnosticMessages.generated.json :: WatchInfo: /home/grey/.emacs.d/.local/etc/lsp/npm/typescript/lib/node_modules 1 undefined WatchType: node_modules for closed script infos in them
Info 49   [21:36:52.280] DirectoryWatcher:: Triggered with /home/grey/.emacs.d/.local/etc/lsp/npm/typescript/lib/node_modules/typescript/lib/pl :: WatchInfo: /home/grey/.emacs.d/.local/etc/lsp/npm/typescript/lib/node_modules 1 undefined WatchType: node_modules for closed script infos in them
Info 50   [21:36:52.280] Elapsed:: 0.026940003037452698ms DirectoryWatcher:: Triggered with /home/grey/.emacs.d/.local/etc/lsp/npm/typescript/lib/node_modules/typescript/lib/pl :: WatchInfo: /home/grey/.emacs.d/.local/etc/lsp/npm/typescript/lib/node_modules 1 undefined WatchType: node_modules for closed script infos in them
Info 51   [21:36:52.281] DirectoryWatcher:: Triggered with /home/grey/.emacs.d/.local/etc/lsp/npm/typescript/lib/node_modules/typescript/lib/pt-br/diagnosticMessages.generated.json :: WatchInfo: /home/grey/.emacs.d/.local/etc/lsp/npm/typescript/lib/node_modules 1 undefined WatchType: node_modules for closed script infos in them
Info 52   [21:36:52.281] Elapsed:: 0.01338999718427658ms DirectoryWatcher:: Triggered with /home/grey/.emacs.d/.local/etc/lsp/npm/typescript/lib/node_modules/typescript/lib/pt-br/diagnosticMessages.generated.json :: WatchInfo: /home/grey/.emacs.d/.local/etc/lsp/npm/typescript/lib/node_modules 1 undefined WatchType: node_modules for closed script infos in them
Info 53   [21:36:52.281] DirectoryWatcher:: Triggered with /home/grey/.emacs.d/.local/etc/lsp/npm/typescript/lib/node_modules/typescript/lib/pt-br :: WatchInfo: /home/grey/.emacs.d/.local/etc/lsp/npm/typescript/lib/node_modules 1 undefined WatchType: node_modules for closed script infos in them
Info 54   [21:36:52.281] Elapsed:: 0.026739999651908875ms DirectoryWatcher:: Triggered with /home/grey/.emacs.d/.local/etc/lsp/npm/typescript/lib/node_modules/typescript/lib/pt-br :: WatchInfo: /home/grey/.emacs.d/.local/etc/lsp/npm/typescript/lib/node_modules 1 undefined WatchType: node_modules for closed script infos in them
Info 55   [21:36:52.282] DirectoryWatcher:: Triggered with /home/grey/.emacs.d/.local/etc/lsp/npm/typescript/lib/node_modules/typescript/lib/ru :: WatchInfo: /home/grey/.emacs.d/.local/etc/lsp/npm/typescript/lib/node_modules 1 undefined WatchType: node_modules for closed script infos in them
Info 56   [21:36:52.282] Elapsed:: 0.029249995946884155ms DirectoryWatcher:: Triggered with /home/grey/.emacs.d/.local/etc/lsp/npm/typescript/lib/node_modules/typescript/lib/ru :: WatchInfo: /home/grey/.emacs.d/.local/etc/lsp/npm/typescript/lib/node_modules 1 undefined WatchType: node_modules for closed script infos in them
Info 57   [21:36:52.283] DirectoryWatcher:: Triggered with /home/grey/.emacs.d/.local/etc/lsp/npm/typescript/lib/node_modules/typescript/lib/tr/diagnosticMessages.generated.json :: WatchInfo: /home/grey/.emacs.d/.local/etc/lsp/npm/typescript/lib/node_modules 1 undefined WatchType: node_modules for closed script infos in them
Info 58   [21:36:52.283] Elapsed:: 0.013909995555877686ms DirectoryWatcher:: Triggered with /home/grey/.emacs.d/.local/etc/lsp/npm/typescript/lib/node_modules/typescript/lib/tr/diagnosticMessages.generated.json :: WatchInfo: /home/grey/.emacs.d/.local/etc/lsp/npm/typescript/lib/node_modules 1 undefined WatchType: node_modules for closed script infos in them
Info 59   [21:36:52.283] DirectoryWatcher:: Triggered with /home/grey/.emacs.d/.local/etc/lsp/npm/typescript/lib/node_modules/typescript/lib/tr :: WatchInfo: /home/grey/.emacs.d/.local/etc/lsp/npm/typescript/lib/node_modules 1 undefined WatchType: node_modules for closed script infos in them
Info 60   [21:36:52.283] Elapsed:: 0.02070000022649765ms DirectoryWatcher:: Triggered with /home/grey/.emacs.d/.local/etc/lsp/npm/typescript/lib/node_modules/typescript/lib/tr :: WatchInfo: /home/grey/.emacs.d/.local/etc/lsp/npm/typescript/lib/node_modules 1 undefined WatchType: node_modules for closed script infos in them
Info 61   [21:36:52.290] DirectoryWatcher:: Triggered with /home/grey/.emacs.d/.local/etc/lsp/npm/typescript/lib/node_modules/typescript/lib/zh-cn :: WatchInfo: /home/grey/.emacs.d/.local/etc/lsp/npm/typescript/lib/node_modules 1 undefined WatchType: node_modules for closed script infos in them
Info 62   [21:36:52.290] Elapsed:: 0.026530005037784576ms DirectoryWatcher:: Triggered with /home/grey/.emacs.d/.local/etc/lsp/npm/typescript/lib/node_modules/typescript/lib/zh-cn :: WatchInfo: /home/grey/.emacs.d/.local/etc/lsp/npm/typescript/lib/node_modules 1 undefined WatchType: node_modules for closed script infos in them
Info 63   [21:36:52.291] DirectoryWatcher:: Triggered with /home/grey/.emacs.d/.local/etc/lsp/npm/typescript/lib/node_modules/typescript/lib/zh-tw/diagnosticMessages.generated.json :: WatchInfo: /home/grey/.emacs.d/.local/etc/lsp/npm/typescript/lib/node_modules 1 undefined WatchType: node_modules for closed script infos in them
Info 64   [21:36:52.291] Elapsed:: 0.013190999627113342ms DirectoryWatcher:: Triggered with /home/grey/.emacs.d/.local/etc/lsp/npm/typescript/lib/node_modules/typescript/lib/zh-tw/diagnosticMessages.generated.json :: WatchInfo: /home/grey/.emacs.d/.local/etc/lsp/npm/typescript/lib/node_modules 1 undefined WatchType: node_modules for closed script infos in them
Info 65   [21:36:52.291] DirectoryWatcher:: Triggered with /home/grey/.emacs.d/.local/etc/lsp/npm/typescript/lib/node_modules/typescript/lib/zh-tw :: WatchInfo: /home/grey/.emacs.d/.local/etc/lsp/npm/typescript/lib/node_modules 1 undefined WatchType: node_modules for closed script infos in them
Info 66   [21:36:52.291] Elapsed:: 0.022419996559619904ms DirectoryWatcher:: Triggered with /home/grey/.emacs.d/.local/etc/lsp/npm/typescript/lib/node_modules/typescript/lib/zh-tw :: WatchInfo: /home/grey/.emacs.d/.local/etc/lsp/npm/typescript/lib/node_modules 1 undefined WatchType: node_modules for closed script infos in them
Info 67   [21:36:52.292] DirectoryWatcher:: Triggered with /home/grey/.emacs.d/.local/etc/lsp/npm/typescript/lib/node_modules/typescript/lib :: WatchInfo: /home/grey/.emacs.d/.local/etc/lsp/npm/typescript/lib/node_modules 1 undefined WatchType: node_modules for closed script infos in them
Info 68   [21:36:52.293] Elapsed:: 1.4125569984316826ms DirectoryWatcher:: Triggered with /home/grey/.emacs.d/.local/etc/lsp/npm/typescript/lib/node_modules/typescript/lib :: WatchInfo: /home/grey/.emacs.d/.local/etc/lsp/npm/typescript/lib/node_modules 1 undefined WatchType: node_modules for closed script infos in them
Info 69   [21:36:52.543] Starting updateGraphWorker: Project: /home/grey/development/js/pnp-tests/tsconfig.json
Info 70   [21:36:52.545] Finishing updateGraphWorker: Project: /home/grey/development/js/pnp-tests/tsconfig.json Version: 4 structureChanged: true Elapsed: 2.3320920020341873ms
Info 71   [21:36:52.545] Project '/home/grey/development/js/pnp-tests/tsconfig.json' (Configured)
Info 72   [21:36:52.545] 	Files (2)

Info 73   [21:36:52.545] -----------------------------------------------
Info 74   [21:36:54.793] Before ensureProjectForOpenFiles:
Info 75   [21:36:54.793] After ensureProjectForOpenFiles:
Info 76   [21:36:54.793] got projects updated in background, updating diagnostics for /home/grey/development/js/pnp-tests/src/main.ts
